<?xml version="1.0" encoding="UTF-8"?>
<robot generator="Robot 7.3.2 (Python 3.12.6 on win32)" generated="2025-11-18T15:40:02.099677" rpa="false" schemaversion="5">
<suite id="s1" name="Testcases" source="C:\Users\univa\Documents\self developement\RobotFramework\testcases.robot">
<test id="s1-t1" name="My First Robot Test" line="2">
<kw name="Log To Console" owner="BuiltIn">
<arg>Hello Robot World!</arg>
<doc>Logs the given message to the console.</doc>
<status status="PASS" start="2025-11-18T15:40:02.127413" elapsed="0.000000"/>
</kw>
<status status="PASS" start="2025-11-18T15:40:02.126414" elapsed="0.002000"/>
</test>
<status status="PASS" start="2025-11-18T15:40:02.101685" elapsed="0.026729"/>
</suite>
<statistics>
<total>
<stat pass="1" fail="0" skip="0">All Tests</stat>
</total>
<tag>
</tag>
<suite>
<stat name="Testcases" id="s1" pass="1" fail="0" skip="0">Testcases</stat>
</suite>
</statistics>
<errors>
</errors>
</robot>
