<?xml version="1.0" encoding="UTF-8"?>
<robot generator="Robot 7.3.2 (Python 3.12.6 on win32)" generated="2025-11-18T15:14:17.656311" rpa="false" schemaversion="5">
<suite id="s1" name="Testcases" source="C:\Users\univa\Documents\RobotFramework\testcases.robot">
<test id="s1-t1" name="My First Robot Test" line="2">
<kw name="Log To Console" owner="BuiltIn">
<arg>Hello Robot World!</arg>
<doc>Logs the given message to the console.</doc>
<status status="PASS" start="2025-11-18T15:14:17.685865" elapsed="0.000581"/>
</kw>
<status status="PASS" start="2025-11-18T15:14:17.685445" elapsed="0.001421"/>
</test>
<status status="PASS" start="2025-11-18T15:14:17.657810" elapsed="0.029557"/>
</suite>
<statistics>
<total>
<stat pass="1" fail="0" skip="0">All Tests</stat>
</total>
<tag>
</tag>
<suite>
<stat name="Testcases" id="s1" pass="1" fail="0" skip="0">Testcases</stat>
</suite>
</statistics>
<errors>
</errors>
</robot>
